<?xml version="1.0" encoding="UTF-8"?>
<!-- Generated by org.testng.reporters.JUnitXMLReporter -->
<testsuite hostname="PC192265" name="GRID TEST WITH SERIAL EXECTION WITH BROWSER FF" tests="3" failures="0" timestamp="7 May 2015 06:42:03 GMT" time="38.821" errors="0">
  <testcase name="checkgmailEmail" time="18.5" classname="TrainingDay4.SeleniumGrid"/>
  <testcase name="checkgmailEmail" time="21.853" classname="TrainingDay4.SeleniumGrid"/>
  <testcase name="checkgmailEmail" time="38.805" classname="TrainingDay4.SeleniumGrid"/>
</testsuite> <!-- GRID TEST WITH SERIAL EXECTION WITH BROWSER FF -->
